update-alternatives 2011-08-23 05:21:18: run with --quiet --install /usr/bin/awk awk /usr/bin/mawk 5 --slave /usr/share/man/man1/awk.1.gz awk.1.gz /usr/share/man/man1/mawk.1.gz --slave /usr/bin/nawk nawk /usr/bin/mawk --slave /usr/share/man/man1/nawk.1.gz nawk.1.gz /usr/share/man/man1/mawk.1.gz
update-alternatives 2011-08-23 05:21:18: link group awk updated to point to /usr/bin/mawk
update-alternatives 2011-08-23 05:22:06: run with --install /usr/sbin/rmt rmt /usr/sbin/rmt-tar 50 --slave /usr/share/man/man8/rmt.8.gz rmt.8.gz /usr/share/man/man8/rmt-tar.8.gz
update-alternatives 2011-08-23 05:22:06: link group rmt updated to point to /usr/sbin/rmt-tar
update-alternatives 2011-08-23 05:22:06: run with --quiet --install /usr/bin/awk awk /usr/bin/mawk 5 --slave /usr/share/man/man1/awk.1.gz awk.1.gz /usr/share/man/man1/mawk.1.gz --slave /usr/bin/nawk nawk /usr/bin/mawk --slave /usr/share/man/man1/nawk.1.gz nawk.1.gz /usr/share/man/man1/mawk.1.gz
update-alternatives 2011-08-23 05:22:37: run with --install /bin/mt mt /bin/mt-gnu 10 --slave /usr/share/man/man1/mt.1.gz mt.1.gz /usr/share/man/man1/mt-gnu.1.gz
update-alternatives 2011-08-23 05:22:37: link group mt updated to point to /bin/mt-gnu
update-alternatives 2011-08-23 05:22:41: run with --install /usr/share/man/man7/builtins.7.gz builtins.7.gz /usr/share/man/man7/bash-builtins.7.gz 10
update-alternatives 2011-08-23 05:22:41: link group builtins.7.gz updated to point to /usr/share/man/man7/bash-builtins.7.gz
update-alternatives 2011-08-23 05:22:44: run with --install /usr/bin/pager pager /bin/more 50 --slave /usr/share/man/man1/pager.1.gz pager.1.gz /usr/share/man/man1/more.1.gz
update-alternatives 2011-08-23 05:22:44: link group pager updated to point to /bin/more
update-alternatives 2011-08-23 05:22:44: run with --install /usr/bin/pager pager /usr/bin/pg 10 --slave /usr/share/man/man1/pager.1.gz pager.1.gz /usr/share/man/man1/pg.1.gz
update-alternatives 2011-08-23 05:22:45: run with --install /usr/bin/w w /usr/bin/w.procps 50 --slave /usr/share/man/man1/w.1.gz w.1.gz /usr/share/man/man1/w.procps.1.gz
update-alternatives 2011-08-23 05:22:45: link group w updated to point to /usr/bin/w.procps
update-alternatives 2011-08-23 05:26:40: run with --install /etc/newt/palette newt-palette /etc/newt/palette.ubuntu 50
update-alternatives 2011-08-23 05:26:40: link group newt-palette updated to point to /etc/newt/palette.ubuntu
update-alternatives 2011-08-23 05:26:40: run with --install /etc/newt/palette newt-palette /etc/newt/palette.original 20
update-alternatives 2011-08-23 05:26:41: run with --install /bin/nc nc /bin/nc.openbsd 50 --slave /bin/netcat netcat /bin/nc.openbsd --slave /usr/share/man/man1/nc.1.gz nc.1.gz /usr/share/man/man1/nc_openbsd.1.gz --slave /usr/share/man/man1/netcat.1.gz netcat.1.gz /usr/share/man/man1/nc_openbsd.1.gz
update-alternatives 2011-08-23 05:26:41: link group nc updated to point to /bin/nc.openbsd
update-alternatives 2011-08-23 05:26:54: run with --install /etc/vtrgb vtrgb /etc/console-setup/vtrgb 50
update-alternatives 2011-08-23 05:26:54: link group vtrgb updated to point to /etc/console-setup/vtrgb
update-alternatives 2011-08-23 05:26:54: run with --install /etc/vtrgb vtrgb /etc/console-setup/vtrgb.vga 20
